
Showing logs for build [32mwarrenbailey-github-app-auth-pr-4vdl4-3[0m stage [32mfrom-build-pack[0m and container [32mstep-credential-initializer-kcc7l[0m
{"level":"warn","ts":1569252574.22962,"logger":"fallback-logger","caller":"logging/config.go:69","msg":"Fetch GitHub commit ID from kodata failed: \"ref: refs/heads/master\" is not a valid GitHub commit ID"}
{"level":"info","ts":1569252574.2301018,"logger":"fallback-logger","caller":"creds-init/main.go:40","msg":"Credentials initialized."}

Showing logs for build [32mwarrenbailey-github-app-auth-pr-4vdl4-3[0m stage [32mfrom-build-pack[0m and container [32mstep-working-dir-initializer-r9zvr[0m
{"level":"warn","ts":1569252575.5154095,"logger":"fallback-logger","caller":"logging/config.go:69","msg":"Fetch GitHub commit ID from kodata failed: open /var/run/ko/HEAD: no such file or directory"}
{"level":"info","ts":1569252575.5166788,"logger":"fallback-logger","caller":"bash/main.go:65","msg":"Successfully executed command \"mkdir -p /workspace/source /workspace/source/charts/preview\""}

Showing logs for build [32mwarrenbailey-github-app-auth-pr-4vdl4-3[0m stage [32mfrom-build-pack[0m and container [32mstep-place-tools[0m

Showing logs for build [32mwarrenbailey-github-app-auth-pr-4vdl4-3[0m stage [32mfrom-build-pack[0m and container [32mstep-git-source-warrenbailey-github-app-auth-pr-dfrll[0m
{"level":"warn","ts":1569252581.5989084,"logger":"fallback-logger","caller":"logging/config.go:69","msg":"Fetch GitHub commit ID from kodata failed: \"ref: refs/heads/master\" is not a valid GitHub commit ID"}
{"level":"info","ts":1569252581.887635,"logger":"fallback-logger","caller":"git/git.go:102","msg":"Successfully cloned https://github.com/warrenbailey/github-app-auth.git @ 71e3685153da4fd8bb4cdca2aa51e3f1577107fc in path /workspace/source"}

Showing logs for build [32mwarrenbailey-github-app-auth-pr-4vdl4-3[0m stage [32mfrom-build-pack[0m and container [32mstep-git-merge[0m
Using SHAs from PULL_REFS=master:bbd7a5c5ffff1342b441fd9a23398d26061d04da,6:71e3685153da4fd8bb4cdca2aa51e3f1577107fc
DEBUG: ran git fetch --unshallow origin 71e3685153da4fd8bb4cdca2aa51e3f1577107fc: bbd7a5c5ffff1342b441fd9a23398d26061d04da: in 
DEBUG: ran git checkout master in 
DEBUG: ran git reset --hard bbd7a5c5ffff1342b441fd9a23398d26061d04da in 
DEBUG: ran clean --force -d . in 
DEBUG: ran git merge 71e3685153da4fd8bb4cdca2aa51e3f1577107fc in 
Merged SHA 2047f960022de76049bf5f72a247843d62ee35e7 with commit message 'Merge commit '71e3685153da4fd8bb4cdca2aa51e3f1577107fc'' into base branch master
Merged SHA 71e3685153da4fd8bb4cdca2aa51e3f1577107fc with commit message 'Reorder function calls' into base branch master
Merged SHA 3e95f36bc5cf00d27d563d0125b0bda839d792a4 with commit message 'Correct dependencies' into base branch master
Merged SHA 3795c64806940c7f971e6a28d7114f4e7603ba8f with commit message 'Read client id and secret from kubernetes secret' into base branch master

Showing logs for build [32mwarrenbailey-github-app-auth-pr-4vdl4-3[0m stage [32mfrom-build-pack[0m and container [32mstep-build-python-unittest[0m

----------------------------------------------------------------------
Ran 0 tests in 0.000s

OK

Showing logs for build [32mwarrenbailey-github-app-auth-pr-4vdl4-3[0m stage [32mfrom-build-pack[0m and container [32mstep-build-container-build[0m
ERROR: logging before flag.Parse: E0923 15:29:45.041773      11 metadata.go:241] Failed to unmarshal scopes: invalid character 'h' looking for beginning of value
[36mINFO[0m[0000] Downloading base image python:onbuild        
ERROR: logging before flag.Parse: E0923 15:29:45.134235      11 metadata.go:142] while reading 'google-dockercfg' metadata: http status code: 404 while fetching url http://metadata.google.internal./computeMetadata/v1/instance/attributes/google-dockercfg
ERROR: logging before flag.Parse: E0923 15:29:45.136609      11 metadata.go:159] while reading 'google-dockercfg-url' metadata: http status code: 404 while fetching url http://metadata.google.internal./computeMetadata/v1/instance/attributes/google-dockercfg-url
2019/09/23 15:29:45 No matching credentials were found, falling back on anonymous
[36mINFO[0m[0001] Error while retrieving image from cache: getting file info: stat /workspace/sha256:43780a8431c53f4afd734ad795e03127c0c607337a60639c5903a51a03535c22: no such file or directory 
[36mINFO[0m[0001] Downloading base image python:onbuild        
2019/09/23 15:29:45 No matching credentials were found, falling back on anonymous
[36mINFO[0m[0001] Executing 3 build triggers                   
[36mINFO[0m[0001] Using files from context: [/workspace/source/requirements.txt] 
[36mINFO[0m[0001] Checking for cached layer gcr.io/cb-aps-poc-consumer-wb2/cache:0add2e5e17645d54751445fad980cb5942cecc9348a848ee4e79bb7d2d94b501... 
[36mINFO[0m[0001] Using caching version of cmd: RUN pip install --no-cache-dir -r requirements.txt 
[36mINFO[0m[0001] Using files from context: [/workspace/source] 
[36mINFO[0m[0001] Using files from context: [/workspace/source/requirements.txt] 
[36mINFO[0m[0001] cmd: EXPOSE                                  
[36mINFO[0m[0001] Adding exposed port: 8080/tcp                
[36mINFO[0m[0001] Skipping unpacking as no commands require it. 
[36mINFO[0m[0001] Taking snapshot of full filesystem...        
[36mINFO[0m[0001] Using files from context: [/workspace/source/requirements.txt] 
[36mINFO[0m[0001] COPY requirements.txt /usr/src/app/          
[36mINFO[0m[0001] Taking snapshot of files...                  
[36mINFO[0m[0001] RUN pip install --no-cache-dir -r requirements.txt 
[36mINFO[0m[0001] Found cached layer, extracting to filesystem 
[36mINFO[0m[0002] Taking snapshot of files...                  
[36mINFO[0m[0003] Using files from context: [/workspace/source] 
[36mINFO[0m[0003] COPY . /usr/src/app                          
[36mINFO[0m[0004] Taking snapshot of files...                  
[36mINFO[0m[0004] Using files from context: [/workspace/source/requirements.txt] 
[36mINFO[0m[0004] COPY requirements.txt .                      
[36mINFO[0m[0004] Taking snapshot of files...                  
[36mINFO[0m[0004] ENV PORT 8080                                
[36mINFO[0m[0004] No files changed in this command, skipping snapshotting. 
[36mINFO[0m[0004] EXPOSE 8080                                  
[36mINFO[0m[0004] cmd: EXPOSE                                  
[36mINFO[0m[0004] Adding exposed port: 8080/tcp                
[36mINFO[0m[0004] No files changed in this command, skipping snapshotting. 
[36mINFO[0m[0004] ENTRYPOINT ["python"]                        
[36mINFO[0m[0004] No files changed in this command, skipping snapshotting. 
[36mINFO[0m[0004] CMD ["app.py"]                               
[36mINFO[0m[0004] No files changed in this command, skipping snapshotting. 
2019/09/23 15:29:48 existing blob: sha256:06854774e2f35e4763103a446112c67322913a6177bea69eb49663e0166e6d6d
2019/09/23 15:29:48 existing blob: sha256:1c7fe136a31e13a1c879245672184ced3b9fc590989ba42a522a57b071a9c1aa
2019/09/23 15:29:48 existing blob: sha256:e2c0fb34dff3a1d32346b92e53fb88a14d1987b402a2348cb379c039687fabe2
2019/09/23 15:29:48 existing blob: sha256:f0db43b9b8da254cebc77bf871006df01219e195b9853616b9f708f124a00f3a
2019/09/23 15:29:48 existing blob: sha256:e10b68fb77e6e91453cd4c1b02e2d77aa23a857cd8eb250617129d074478e1a5
2019/09/23 15:29:48 existing blob: sha256:ece825d3308bbf98f708d95475ccd880497a1e2979ff4ef2534d49049a18488f
2019/09/23 15:29:48 existing blob: sha256:2d21c767035c4593de8bf7ad9781aa83ba110871d1a50871192f4e3480e6f11d
2019/09/23 15:29:48 existing blob: sha256:e96bc319bce0351d1157092352bc5f85f8800c745388e60e86d06dec99285b45
2019/09/23 15:29:48 existing blob: sha256:490280dbcfb772eb5731f059e38fcfacaeb75b4d005af7c249fd51926db2bd62
2019/09/23 15:29:50 pushed blob: sha256:b4696e3328b681ccb94a4a6a64bc498ba092ac661930d6bccfe48899073f7f6d
2019/09/23 15:29:50 pushed blob: sha256:c3cbc44cf7dad5409ac20f45cfdc883be3af8df581c99a7a5488d4837dc13ac4
2019/09/23 15:29:50 pushed blob: sha256:b6200d252cffacbeeeee3b32274183f4b1d8f91daa2a1895045367c534cb90a1
2019/09/23 15:29:50 pushed blob: sha256:d577a813e05c32232eb48e79058b1d68731269bab49791d96d66d53cc3d31219
2019/09/23 15:29:55 pushed blob: sha256:2bdbc26c345c96f001cdf45d9956028565996e4bea848d27ddf1dfc83626ad76
2019/09/23 15:29:55 gcr.io/cb-aps-poc-consumer-wb2/github-app-auth:0.0.0-SNAPSHOT-PR-6-3: digest: sha256:7407f55652b9016276028bed00d2476380d68898a3311b18f35e233491134747 size: 2386

Showing logs for build [32mwarrenbailey-github-app-auth-pr-4vdl4-3[0m stage [32mfrom-build-pack[0m and container [32mstep-postbuild-post-build[0m
no CVE provider running in the current ** namespace so skip adding image to be analysed

Showing logs for build [32mwarrenbailey-github-app-auth-pr-4vdl4-3[0m stage [32mfrom-build-pack[0m and container [32mstep-promote-make-preview[0m
sed -i -e "s/version:.*/version: 0.0.0-SNAPSHOT-PR-6-3/" Chart.yaml
sed -i -e "s/version:.*/version: 0.0.0-SNAPSHOT-PR-6-3/" ../*/Chart.yaml
sed -i -e "s|repository:.*|repository: gcr.io\/cb-aps-poc-consumer-wb2\/github-app-auth|" values.yaml
sed -i -e "s/tag:.*/tag: 0.0.0-SNAPSHOT-PR-6-3/" values.yaml
echo "  version: 0.0.0-SNAPSHOT-PR-6-3" >> requirements.yaml
** step helm build
WARNING: No $CHART_REPOSITORY defined so using the default value of: http://jenkins-x-chartmuseum:8080
Adding missing Helm repo: storage.googleapis.com https://storage.googleapis.com/chartmuseum.jenkins-x.io
Read credentials for https://storage.googleapis.com/chartmuseum.jenkins-x.io from vault helm/repos
Successfully added Helm repository storage.googleapis.com.
Adding missing Helm repo: jenkins-x-chartmuseum http://jenkins-x-chartmuseum:8080
Read credentials for http://jenkins-x-chartmuseum:8080 from vault helm/repos
Successfully added Helm repository jenkins-x-chartmuseum.
WARNING: No $CHART_REPOSITORY defined so using the default value of: http://jenkins-x-chartmuseum:8080
Adding missing Helm repo: chartmuseum.jenkins-x.io http://chartmuseum.jenkins-x.io
Read credentials for http://chartmuseum.jenkins-x.io from vault helm/repos
Successfully added Helm repository chartmuseum.jenkins-x.io.

Showing logs for build [32mwarrenbailey-github-app-auth-pr-4vdl4-3[0m stage [32mfrom-build-pack[0m and container [32mstep-promote-jx-preview[0m
Creating a preview
Commit author email is empty for: 3795c64806940c7f971e6a28d7114f4e7603ba8f
Looking for commits in: /workspace/source/
Commit author email is empty for: 3e95f36bc5cf00d27d563d0125b0bda839d792a4
Looking for commits in: /workspace/source/
Commit author email is empty for: 71e3685153da4fd8bb4cdca2aa51e3f1577107fc
Looking for commits in: /workspace/source/
Found commit author match for: warrenbailey with email address: warren@warrenbailey.net
expose:
  Annotations:
    helm.sh/hook: post-install,post-upgrade
    helm.sh/hook-delete-policy: hook-succeeded
  config:
    domain: cb-aps-poc-consumer-wb2.**aas.io
    exposer: Ingress
    http: "true"
preview:
  image:
    repository: gcr.io/cb-aps-poc-consumer-wb2/github-app-auth
    tag: 0.0.0-SNAPSHOT-PR-6-3
Deleting and cloning the Jenkins X versions repo
Cloning the Jenkins X versions repo https://github.com/jenkins-x/jenkins-x-versions.git with ref refs/heads/master to /builder/home/.**/jenkins-x-versions


Updating PipelineActivities warrenbailey-github-app-auth-pr-6-3 which has status Running
WARNING: preview application http://github-app-auth.**-warrenbailey-github-app-auth-pr-6.cb-aps-poc-consumer-wb2.**aas.io not available, error was Get http://github-app-auth.**-warrenbailey-github-app-auth-pr-6.cb-aps-poc-consumer-wb2.**aas.io: dial tcp: lookup github-app-auth.**-warrenbailey-github-app-auth-pr-6.cb-aps-poc-consumer-wb2.**aas.io on 10.19.240.10:53: no such host, delaying for: 502.843041ms
WARNING: preview application http://github-app-auth.**-warrenbailey-github-app-auth-pr-6.cb-aps-poc-consumer-wb2.**aas.io not available, error was Get http://github-app-auth.**-warrenbailey-github-app-auth-pr-6.cb-aps-poc-consumer-wb2.**aas.io: dial tcp: lookup github-app-auth.**-warrenbailey-github-app-auth-pr-6.cb-aps-poc-consumer-wb2.**aas.io on 10.19.240.10:53: no such host, delaying for: 1.010483767s
WARNING: preview application http://github-app-auth.**-warrenbailey-github-app-auth-pr-6.cb-aps-poc-consumer-wb2.**aas.io not available, error was Get http://github-app-auth.**-warrenbailey-github-app-auth-pr-6.cb-aps-poc-consumer-wb2.**aas.io: dial tcp: lookup github-app-auth.**-warrenbailey-github-app-auth-pr-6.cb-aps-poc-consumer-wb2.**aas.io on 10.19.240.10:53: no such host, delaying for: 1.646617594s
WARNING: preview application http://github-app-auth.**-warrenbailey-github-app-auth-pr-6.cb-aps-poc-consumer-wb2.**aas.io not available, error was Get http://github-app-auth.**-warrenbailey-github-app-auth-pr-6.cb-aps-poc-consumer-wb2.**aas.io: dial tcp: lookup github-app-auth.**-warrenbailey-github-app-auth-pr-6.cb-aps-poc-consumer-wb2.**aas.io on 10.19.240.10:53: no such host, delaying for: 4.920594459s
WARNING: preview application http://github-app-auth.**-warrenbailey-github-app-auth-pr-6.cb-aps-poc-consumer-wb2.**aas.io not available, error was Get http://github-app-auth.**-warrenbailey-github-app-auth-pr-6.cb-aps-poc-consumer-wb2.**aas.io: dial tcp: lookup github-app-auth.**-warrenbailey-github-app-auth-pr-6.cb-aps-poc-consumer-wb2.**aas.io on 10.19.240.10:53: no such host, delaying for: 2.916963202s
WARNING: preview application http://github-app-auth.**-warrenbailey-github-app-auth-pr-6.cb-aps-poc-consumer-wb2.**aas.io not available, error was Get http://github-app-auth.**-warrenbailey-github-app-auth-pr-6.cb-aps-poc-consumer-wb2.**aas.io: dial tcp: lookup github-app-auth.**-warrenbailey-github-app-auth-pr-6.cb-aps-poc-consumer-wb2.**aas.io on 10.19.240.10:53: no such host, delaying for: 8.631392s
WARNING: preview application http://github-app-auth.**-warrenbailey-github-app-auth-pr-6.cb-aps-poc-consumer-wb2.**aas.io not available, error was Get http://github-app-auth.**-warrenbailey-github-app-auth-pr-6.cb-aps-poc-consumer-wb2.**aas.io: dial tcp: lookup github-app-auth.**-warrenbailey-github-app-auth-pr-6.cb-aps-poc-consumer-wb2.**aas.io on 10.19.240.10:53: no such host, delaying for: 7.616679347s
WARNING: preview application http://github-app-auth.**-warrenbailey-github-app-auth-pr-6.cb-aps-poc-consumer-wb2.**aas.io not available, error was Get http://github-app-auth.**-warrenbailey-github-app-auth-pr-6.cb-aps-poc-consumer-wb2.**aas.io: dial tcp: lookup github-app-auth.**-warrenbailey-github-app-auth-pr-6.cb-aps-poc-consumer-wb2.**aas.io on 10.19.240.10:53: no such host, delaying for: 23.042657797s
Preview application is now available at: http://github-app-auth.**-warrenbailey-github-app-auth-pr-6.cb-aps-poc-consumer-wb2.**aas.io
