
Showing logs for build [32mwarrenbailey-github-app-auth-ma-zn7hb-6[0m stage [32mfrom-build-pack[0m and container [32mstep-credential-initializer-v8trm[0m
{"level":"warn","ts":1569253758.413861,"logger":"fallback-logger","caller":"logging/config.go:69","msg":"Fetch GitHub commit ID from kodata failed: \"ref: refs/heads/master\" is not a valid GitHub commit ID"}
{"level":"info","ts":1569253758.4143877,"logger":"fallback-logger","caller":"creds-init/main.go:40","msg":"Credentials initialized."}

Showing logs for build [32mwarrenbailey-github-app-auth-ma-zn7hb-6[0m stage [32mfrom-build-pack[0m and container [32mstep-working-dir-initializer-8vfcm[0m
{"level":"warn","ts":1569253759.7285244,"logger":"fallback-logger","caller":"logging/config.go:69","msg":"Fetch GitHub commit ID from kodata failed: open /var/run/ko/HEAD: no such file or directory"}
{"level":"info","ts":1569253759.7298334,"logger":"fallback-logger","caller":"bash/main.go:65","msg":"Successfully executed command \"mkdir -p /workspace/source /workspace/source/charts/github-app-auth\""}

Showing logs for build [32mwarrenbailey-github-app-auth-ma-zn7hb-6[0m stage [32mfrom-build-pack[0m and container [32mstep-place-tools[0m

Showing logs for build [32mwarrenbailey-github-app-auth-ma-zn7hb-6[0m stage [32mfrom-build-pack[0m and container [32mstep-git-source-warrenbailey-github-app-auth-ma-kf6qw[0m
{"level":"warn","ts":1569253766.8179889,"logger":"fallback-logger","caller":"logging/config.go:69","msg":"Fetch GitHub commit ID from kodata failed: \"ref: refs/heads/master\" is not a valid GitHub commit ID"}
{"level":"info","ts":1569253767.1013858,"logger":"fallback-logger","caller":"git/git.go:102","msg":"Successfully cloned https://github.com/warrenbailey/github-app-auth.git @ v0.0.5 in path /workspace/source"}

Showing logs for build [32mwarrenbailey-github-app-auth-ma-zn7hb-6[0m stage [32mfrom-build-pack[0m and container [32mstep-git-merge[0m
Using SHAs from PULL_REFS=master:e92ebfc1da5ea2e4cecb9dfe7e7f33ab49e11c9d
WARNING: no SHAs to merge, falling back to initial cloned commit

Showing logs for build [32mwarrenbailey-github-app-auth-ma-zn7hb-6[0m stage [32mfrom-build-pack[0m and container [32mstep-setup-jx-git-credentials[0m
Generated Git credentials file /workspace/xdg_config/git/credentials

Showing logs for build [32mwarrenbailey-github-app-auth-ma-zn7hb-6[0m stage [32mfrom-build-pack[0m and container [32mstep-build-python-unittest[0m

----------------------------------------------------------------------
Ran 0 tests in 0.000s

OK

Showing logs for build [32mwarrenbailey-github-app-auth-ma-zn7hb-6[0m stage [32mfrom-build-pack[0m and container [32mstep-build-container-build[0m
ERROR: logging before flag.Parse: E0923 15:49:29.543343      10 metadata.go:241] Failed to unmarshal scopes: invalid character 'h' looking for beginning of value
[36mINFO[0m[0000] Downloading base image python:onbuild        
ERROR: logging before flag.Parse: E0923 15:49:29.554441      10 metadata.go:142] while reading 'google-dockercfg' metadata: http status code: 404 while fetching url http://metadata.google.internal./computeMetadata/v1/instance/attributes/google-dockercfg
ERROR: logging before flag.Parse: E0923 15:49:29.556182      10 metadata.go:159] while reading 'google-dockercfg-url' metadata: http status code: 404 while fetching url http://metadata.google.internal./computeMetadata/v1/instance/attributes/google-dockercfg-url
2019/09/23 15:49:29 No matching credentials were found, falling back on anonymous
[36mINFO[0m[0001] Error while retrieving image from cache: getting file info: stat /workspace/sha256:43780a8431c53f4afd734ad795e03127c0c607337a60639c5903a51a03535c22: no such file or directory 
[36mINFO[0m[0001] Downloading base image python:onbuild        
2019/09/23 15:49:29 No matching credentials were found, falling back on anonymous
[36mINFO[0m[0001] Executing 3 build triggers                   
[36mINFO[0m[0001] Using files from context: [/workspace/source/requirements.txt] 
[36mINFO[0m[0001] Checking for cached layer gcr.io/cb-aps-poc-consumer-wb2/cache:0add2e5e17645d54751445fad980cb5942cecc9348a848ee4e79bb7d2d94b501... 
[36mINFO[0m[0001] Using caching version of cmd: RUN pip install --no-cache-dir -r requirements.txt 
[36mINFO[0m[0001] Using files from context: [/workspace/source] 
[36mINFO[0m[0001] Using files from context: [/workspace/source/requirements.txt] 
[36mINFO[0m[0001] cmd: EXPOSE                                  
[36mINFO[0m[0001] Adding exposed port: 8080/tcp                
[36mINFO[0m[0001] Skipping unpacking as no commands require it. 
[36mINFO[0m[0001] Taking snapshot of full filesystem...        
[36mINFO[0m[0001] Using files from context: [/workspace/source/requirements.txt] 
[36mINFO[0m[0001] COPY requirements.txt /usr/src/app/          
[36mINFO[0m[0001] Taking snapshot of files...                  
[36mINFO[0m[0001] RUN pip install --no-cache-dir -r requirements.txt 
[36mINFO[0m[0001] Found cached layer, extracting to filesystem 
[36mINFO[0m[0002] Taking snapshot of files...                  
[36mINFO[0m[0004] Using files from context: [/workspace/source] 
[36mINFO[0m[0004] COPY . /usr/src/app                          
[36mINFO[0m[0004] Taking snapshot of files...                  
[36mINFO[0m[0004] Using files from context: [/workspace/source/requirements.txt] 
[36mINFO[0m[0004] COPY requirements.txt .                      
[36mINFO[0m[0004] Taking snapshot of files...                  
[36mINFO[0m[0004] ENV PORT 8080                                
[36mINFO[0m[0004] No files changed in this command, skipping snapshotting. 
[36mINFO[0m[0004] EXPOSE 8080                                  
[36mINFO[0m[0004] cmd: EXPOSE                                  
[36mINFO[0m[0004] Adding exposed port: 8080/tcp                
[36mINFO[0m[0004] No files changed in this command, skipping snapshotting. 
[36mINFO[0m[0004] ENTRYPOINT ["python"]                        
[36mINFO[0m[0004] No files changed in this command, skipping snapshotting. 
[36mINFO[0m[0004] CMD ["app.py"]                               
[36mINFO[0m[0004] No files changed in this command, skipping snapshotting. 
2019/09/23 15:49:33 existing blob: sha256:e10b68fb77e6e91453cd4c1b02e2d77aa23a857cd8eb250617129d074478e1a5
2019/09/23 15:49:33 existing blob: sha256:490280dbcfb772eb5731f059e38fcfacaeb75b4d005af7c249fd51926db2bd62
2019/09/23 15:49:33 existing blob: sha256:e96bc319bce0351d1157092352bc5f85f8800c745388e60e86d06dec99285b45
2019/09/23 15:49:33 existing blob: sha256:e2c0fb34dff3a1d32346b92e53fb88a14d1987b402a2348cb379c039687fabe2
2019/09/23 15:49:33 existing blob: sha256:ece825d3308bbf98f708d95475ccd880497a1e2979ff4ef2534d49049a18488f
2019/09/23 15:49:33 existing blob: sha256:1c7fe136a31e13a1c879245672184ced3b9fc590989ba42a522a57b071a9c1aa
2019/09/23 15:49:33 existing blob: sha256:2d21c767035c4593de8bf7ad9781aa83ba110871d1a50871192f4e3480e6f11d
2019/09/23 15:49:33 existing blob: sha256:06854774e2f35e4763103a446112c67322913a6177bea69eb49663e0166e6d6d
2019/09/23 15:49:33 existing blob: sha256:f0db43b9b8da254cebc77bf871006df01219e195b9853616b9f708f124a00f3a
2019/09/23 15:49:35 pushed blob: sha256:d90417650582230e712ff130e5466d2455ce97a76dd57e4b00064987499e3bc9
2019/09/23 15:49:35 pushed blob: sha256:38116ca3aefd2f5f68910e371f8b36cf59af5ec053c0670e67a012ee5b9ac0ec
2019/09/23 15:49:35 pushed blob: sha256:db80a65eccbf76591c985d1c8a544596bc0629de3053c29fabccba3b6eb8b4a2
2019/09/23 15:49:35 pushed blob: sha256:dd0c541a8cdd7605f8950ff849725476e6041902297f2de30b6a6efdc08c832e
2019/09/23 15:49:36 pushed blob: sha256:254fd26abb6bf98f0591f9967b42c601c00ae03a51703dbea741a13ae45c4f29
2019/09/23 15:49:36 gcr.io/cb-aps-poc-consumer-wb2/github-app-auth:0.0.5: digest: sha256:450b6048ed35f0529d6d203d0f51f6234834dfa9c27f600cd25c1238714ef101 size: 2386

Showing logs for build [32mwarrenbailey-github-app-auth-ma-zn7hb-6[0m stage [32mfrom-build-pack[0m and container [32mstep-build-post-build[0m
no CVE provider running in the current ** namespace so skip adding image to be analysed

Showing logs for build [32mwarrenbailey-github-app-auth-ma-zn7hb-6[0m stage [32mfrom-build-pack[0m and container [32mstep-promote-changelog[0m
Converted /workspace/source/charts/github-app-auth to an unshallow repository
Generating change log from git ref cb5e80b3a3550bac58c44b70cae4d89721538042 => e54b9e68edd0715c316babc11befa9ff0df5a68d
WARNING: Failed to enrich commit 3151980744b5c2e0d13a14613b6af69febe06e1f with issues: selected more than one user from users.jenkins.io: [warrenbailey warrenbailey-0]
WARNING: Failed to enrich commit 3151980744b5c2e0d13a14613b6af69febe06e1f with issues: selected more than one user from users.jenkins.io: [warrenbailey warrenbailey-0]
Finding issues in commit messages using git format
WARNING: No release found for warrenbailey/github-app-auth and tag v0.0.5 so creating a new release
Updated the release information at https://github.com/warrenbailey/github-app-auth/releases/tag/v0.0.5
generated: /workspace/source/charts/github-app-auth/templates/release.yaml
Created Release github-app-auth-0-0-5 resource in namespace **
Updating PipelineActivity warrenbailey-github-app-auth-master-6 with version 0.0.5
Updated PipelineActivities warrenbailey-github-app-auth-master-6 with release notes URL: https://github.com/warrenbailey/github-app-auth/releases/tag/v0.0.5

Showing logs for build [32mwarrenbailey-github-app-auth-ma-zn7hb-6[0m stage [32mfrom-build-pack[0m and container [32mstep-promote-helm-release[0m
WARNING: No $CHART_REPOSITORY defined so using the default value of: http://jenkins-x-chartmuseum:8080
Adding missing Helm repo: storage.googleapis.com https://storage.googleapis.com/chartmuseum.jenkins-x.io
Read credentials for https://storage.googleapis.com/chartmuseum.jenkins-x.io from vault helm/repos
Successfully added Helm repository storage.googleapis.com.
Adding missing Helm repo: jenkins-x-chartmuseum http://jenkins-x-chartmuseum:8080
Read credentials for http://jenkins-x-chartmuseum:8080 from vault helm/repos
Successfully added Helm repository jenkins-x-chartmuseum.
WARNING: No $CHART_REPOSITORY defined so using the default value of: http://jenkins-x-chartmuseum:8080
Uploading chart file github-app-auth-0.0.5.tgz to http://jenkins-x-chartmuseum:8080/api/charts
Received 201 response: {"saved":true}

Showing logs for build [32mwarrenbailey-github-app-auth-ma-zn7hb-6[0m stage [32mfrom-build-pack[0m and container [32mstep-promote-jx-promote[0m
WARNING: prow based install so skip waiting for the merge of Pull Requests to go green as currently there is an issue with gettingstatuses from the PR, see https://github.com/jenkins-x/**/issues/2410
Promoting app github-app-auth version 0.0.5 to namespace **-staging
Created Pull Request: https://github.com/warrenbailey-org/environment-**-aps-consumer-wb2-staging/pull/5
Pull Request https://github.com/warrenbailey-org/environment-**-aps-consumer-wb2-staging/pull/5 is merged at sha 88d5403245516763643dc35277bd5309fbb219e2
Pull Request merged but we are not waiting for the update pipeline to complete!
