
Showing logs for build [32mwarrenbailey-github-app-auth-ma-g9btv-7[0m stage [32mfrom-build-pack[0m and container [32mstep-credential-initializer-phjj4[0m
{"level":"warn","ts":1569254591.218626,"logger":"fallback-logger","caller":"logging/config.go:69","msg":"Fetch GitHub commit ID from kodata failed: \"ref: refs/heads/master\" is not a valid GitHub commit ID"}
{"level":"info","ts":1569254591.2195306,"logger":"fallback-logger","caller":"creds-init/main.go:40","msg":"Credentials initialized."}

Showing logs for build [32mwarrenbailey-github-app-auth-ma-g9btv-7[0m stage [32mfrom-build-pack[0m and container [32mstep-working-dir-initializer-6pvp8[0m
{"level":"warn","ts":1569254592.2459574,"logger":"fallback-logger","caller":"logging/config.go:69","msg":"Fetch GitHub commit ID from kodata failed: open /var/run/ko/HEAD: no such file or directory"}
{"level":"info","ts":1569254592.2473552,"logger":"fallback-logger","caller":"bash/main.go:65","msg":"Successfully executed command \"mkdir -p /workspace/source /workspace/source/charts/github-app-auth\""}

Showing logs for build [32mwarrenbailey-github-app-auth-ma-g9btv-7[0m stage [32mfrom-build-pack[0m and container [32mstep-place-tools[0m

Showing logs for build [32mwarrenbailey-github-app-auth-ma-g9btv-7[0m stage [32mfrom-build-pack[0m and container [32mstep-git-source-warrenbailey-github-app-auth-ma-6xqlf[0m
{"level":"warn","ts":1569254598.3478441,"logger":"fallback-logger","caller":"logging/config.go:69","msg":"Fetch GitHub commit ID from kodata failed: \"ref: refs/heads/master\" is not a valid GitHub commit ID"}
{"level":"info","ts":1569254598.6793993,"logger":"fallback-logger","caller":"git/git.go:102","msg":"Successfully cloned https://github.com/warrenbailey/github-app-auth.git @ v0.0.6 in path /workspace/source"}

Showing logs for build [32mwarrenbailey-github-app-auth-ma-g9btv-7[0m stage [32mfrom-build-pack[0m and container [32mstep-git-merge[0m
Using SHAs from PULL_REFS=master:bc99ffbc3dec57ad6f7072a47dc1ea58f9325975
WARNING: no SHAs to merge, falling back to initial cloned commit

Showing logs for build [32mwarrenbailey-github-app-auth-ma-g9btv-7[0m stage [32mfrom-build-pack[0m and container [32mstep-setup-jx-git-credentials[0m
Generated Git credentials file /workspace/xdg_config/git/credentials

Showing logs for build [32mwarrenbailey-github-app-auth-ma-g9btv-7[0m stage [32mfrom-build-pack[0m and container [32mstep-build-python-unittest[0m

----------------------------------------------------------------------
Ran 0 tests in 0.000s

OK

Showing logs for build [32mwarrenbailey-github-app-auth-ma-g9btv-7[0m stage [32mfrom-build-pack[0m and container [32mstep-build-container-build[0m
ERROR: logging before flag.Parse: E0923 16:03:20.747022      11 metadata.go:241] Failed to unmarshal scopes: invalid character 'h' looking for beginning of value
[36mINFO[0m[0000] Downloading base image python:onbuild        
ERROR: logging before flag.Parse: E0923 16:03:20.834413      11 metadata.go:159] while reading 'google-dockercfg-url' metadata: http status code: 404 while fetching url http://metadata.google.internal./computeMetadata/v1/instance/attributes/google-dockercfg-url
ERROR: logging before flag.Parse: E0923 16:03:20.934425      11 metadata.go:142] while reading 'google-dockercfg' metadata: http status code: 404 while fetching url http://metadata.google.internal./computeMetadata/v1/instance/attributes/google-dockercfg
2019/09/23 16:03:20 No matching credentials were found, falling back on anonymous
[36mINFO[0m[0001] Error while retrieving image from cache: getting file info: stat /workspace/sha256:43780a8431c53f4afd734ad795e03127c0c607337a60639c5903a51a03535c22: no such file or directory 
[36mINFO[0m[0001] Downloading base image python:onbuild        
2019/09/23 16:03:21 No matching credentials were found, falling back on anonymous
[36mINFO[0m[0001] Executing 3 build triggers                   
[36mINFO[0m[0001] Using files from context: [/workspace/source/requirements.txt] 
[36mINFO[0m[0001] Checking for cached layer gcr.io/cb-aps-poc-consumer-wb2/cache:0add2e5e17645d54751445fad980cb5942cecc9348a848ee4e79bb7d2d94b501... 
[36mINFO[0m[0001] Using caching version of cmd: RUN pip install --no-cache-dir -r requirements.txt 
[36mINFO[0m[0001] Using files from context: [/workspace/source] 
[36mINFO[0m[0001] Using files from context: [/workspace/source/requirements.txt] 
[36mINFO[0m[0001] cmd: EXPOSE                                  
[36mINFO[0m[0001] Adding exposed port: 8080/tcp                
[36mINFO[0m[0001] Skipping unpacking as no commands require it. 
[36mINFO[0m[0001] Taking snapshot of full filesystem...        
[36mINFO[0m[0001] Using files from context: [/workspace/source/requirements.txt] 
[36mINFO[0m[0001] COPY requirements.txt /usr/src/app/          
[36mINFO[0m[0001] Taking snapshot of files...                  
[36mINFO[0m[0001] RUN pip install --no-cache-dir -r requirements.txt 
[36mINFO[0m[0001] Found cached layer, extracting to filesystem 
[36mINFO[0m[0002] Taking snapshot of files...                  
[36mINFO[0m[0003] Using files from context: [/workspace/source] 
[36mINFO[0m[0004] COPY . /usr/src/app                          
[36mINFO[0m[0004] Taking snapshot of files...                  
[36mINFO[0m[0004] Using files from context: [/workspace/source/requirements.txt] 
[36mINFO[0m[0004] COPY requirements.txt .                      
[36mINFO[0m[0004] Taking snapshot of files...                  
[36mINFO[0m[0004] ENV PORT 8080                                
[36mINFO[0m[0004] No files changed in this command, skipping snapshotting. 
[36mINFO[0m[0004] EXPOSE 8080                                  
[36mINFO[0m[0004] cmd: EXPOSE                                  
[36mINFO[0m[0004] Adding exposed port: 8080/tcp                
[36mINFO[0m[0004] No files changed in this command, skipping snapshotting. 
[36mINFO[0m[0004] ENTRYPOINT ["python"]                        
[36mINFO[0m[0004] No files changed in this command, skipping snapshotting. 
[36mINFO[0m[0004] CMD ["app.py"]                               
[36mINFO[0m[0004] No files changed in this command, skipping snapshotting. 
2019/09/23 16:03:24 existing blob: sha256:ece825d3308bbf98f708d95475ccd880497a1e2979ff4ef2534d49049a18488f
2019/09/23 16:03:24 existing blob: sha256:e10b68fb77e6e91453cd4c1b02e2d77aa23a857cd8eb250617129d074478e1a5
2019/09/23 16:03:24 existing blob: sha256:1c7fe136a31e13a1c879245672184ced3b9fc590989ba42a522a57b071a9c1aa
2019/09/23 16:03:24 existing blob: sha256:e2c0fb34dff3a1d32346b92e53fb88a14d1987b402a2348cb379c039687fabe2
2019/09/23 16:03:24 existing blob: sha256:e96bc319bce0351d1157092352bc5f85f8800c745388e60e86d06dec99285b45
2019/09/23 16:03:24 existing blob: sha256:06854774e2f35e4763103a446112c67322913a6177bea69eb49663e0166e6d6d
2019/09/23 16:03:24 existing blob: sha256:f0db43b9b8da254cebc77bf871006df01219e195b9853616b9f708f124a00f3a
2019/09/23 16:03:24 existing blob: sha256:2d21c767035c4593de8bf7ad9781aa83ba110871d1a50871192f4e3480e6f11d
2019/09/23 16:03:24 existing blob: sha256:490280dbcfb772eb5731f059e38fcfacaeb75b4d005af7c249fd51926db2bd62
2019/09/23 16:03:26 pushed blob: sha256:fa4f9e5f3c15bd0b047ca7041d554d8127fc43500c78889c48b8a7c99827e168
2019/09/23 16:03:26 pushed blob: sha256:5c738e64e9bf427a9b50c06dd48266fbd8a1b399b09663b7645c32f3d6a2ed5d
2019/09/23 16:03:26 pushed blob: sha256:ed0e5f66f295c29e907fc502f80d75463c60c536ad8ebe3e754c7000898963c1
2019/09/23 16:03:26 pushed blob: sha256:673f7eded3b2bd1c541619afe76e76e716a8191442ee84c89dc9ce5ea3c26654
2019/09/23 16:03:27 pushed blob: sha256:e74963c9d0ceb2c89c4d1629a299c3984c123f4ac90055bfb4b1e65ee20dbf18
2019/09/23 16:03:28 gcr.io/cb-aps-poc-consumer-wb2/github-app-auth:0.0.6: digest: sha256:7da26bedd04f54d94c9cd84d6b8c24a5cb5c711cecfd52a3e5098c64213b8416 size: 2386

Showing logs for build [32mwarrenbailey-github-app-auth-ma-g9btv-7[0m stage [32mfrom-build-pack[0m and container [32mstep-build-post-build[0m
no CVE provider running in the current ** namespace so skip adding image to be analysed

Showing logs for build [32mwarrenbailey-github-app-auth-ma-g9btv-7[0m stage [32mfrom-build-pack[0m and container [32mstep-promote-changelog[0m
Converted /workspace/source/charts/github-app-auth to an unshallow repository
Generating change log from git ref e54b9e68edd0715c316babc11befa9ff0df5a68d => 24ec7170ac125ef9fd1b15ee2105e82c97187ed4
WARNING: Failed to enrich commit 2480d88bd6019148700c9b9b02d42d75d4a95eb8 with issues: selected more than one user from users.jenkins.io: [warrenbailey warrenbailey-0]
WARNING: Failed to enrich commit 2480d88bd6019148700c9b9b02d42d75d4a95eb8 with issues: selected more than one user from users.jenkins.io: [warrenbailey warrenbailey-0]
Finding issues in commit messages using git format
WARNING: No release found for warrenbailey/github-app-auth and tag v0.0.6 so creating a new release
Updated the release information at https://github.com/warrenbailey/github-app-auth/releases/tag/v0.0.6
generated: /workspace/source/charts/github-app-auth/templates/release.yaml
Created Release github-app-auth-0-0-6 resource in namespace **
Updating PipelineActivity warrenbailey-github-app-auth-master-7 with version 0.0.6
Updated PipelineActivities warrenbailey-github-app-auth-master-7 with release notes URL: https://github.com/warrenbailey/github-app-auth/releases/tag/v0.0.6

Showing logs for build [32mwarrenbailey-github-app-auth-ma-g9btv-7[0m stage [32mfrom-build-pack[0m and container [32mstep-promote-helm-release[0m
WARNING: No $CHART_REPOSITORY defined so using the default value of: http://jenkins-x-chartmuseum:8080
Adding missing Helm repo: storage.googleapis.com https://storage.googleapis.com/chartmuseum.jenkins-x.io
Read credentials for https://storage.googleapis.com/chartmuseum.jenkins-x.io from vault helm/repos
Successfully added Helm repository storage.googleapis.com.
Adding missing Helm repo: jenkins-x-chartmuseum http://jenkins-x-chartmuseum:8080
Read credentials for http://jenkins-x-chartmuseum:8080 from vault helm/repos
Successfully added Helm repository jenkins-x-chartmuseum.
WARNING: No $CHART_REPOSITORY defined so using the default value of: http://jenkins-x-chartmuseum:8080
Uploading chart file github-app-auth-0.0.6.tgz to http://jenkins-x-chartmuseum:8080/api/charts
Received 201 response: {"saved":true}

Showing logs for build [32mwarrenbailey-github-app-auth-ma-g9btv-7[0m stage [32mfrom-build-pack[0m and container [32mstep-promote-jx-promote[0m
WARNING: prow based install so skip waiting for the merge of Pull Requests to go green as currently there is an issue with gettingstatuses from the PR, see https://github.com/jenkins-x/**/issues/2410
Promoting app github-app-auth version 0.0.6 to namespace **-staging
Created Pull Request: https://github.com/warrenbailey-org/environment-**-aps-consumer-wb2-staging/pull/6
WARNING: Failed to query the Pull Request last commit status for https://github.com/warrenbailey-org/environment-**-aps-consumer-wb2-staging/pull/6 ref 74821f5ffe92f1bde6c428e1836265a7f5d0cf37 Could not find a status for repository warrenbailey-org/environment-**-aps-consumer-wb2-staging with ref 74821f5ffe92f1bde6c428e1836265a7f5d0cf37
WARNING: Failed to query the Pull Request last commit status for https://github.com/warrenbailey-org/environment-**-aps-consumer-wb2-staging/pull/6 ref 74821f5ffe92f1bde6c428e1836265a7f5d0cf37 Could not find a status for repository warrenbailey-org/environment-**-aps-consumer-wb2-staging with ref 74821f5ffe92f1bde6c428e1836265a7f5d0cf37
Pull Request https://github.com/warrenbailey-org/environment-**-aps-consumer-wb2-staging/pull/6 is merged at sha 6e2704b95122526c8f16e17e7d81ffcdfafc133d
Pull Request merged but we are not waiting for the update pipeline to complete!
